
CH32V003F4P6.elf:     file format elf32-littleriscv
CH32V003F4P6.elf
architecture: riscv:rv32, flags 0x00000112:
EXEC_P, HAS_SYMS, D_PAGED
start address 0x00000000

Program Header:
    LOAD off    0x00001000 vaddr 0x00000000 paddr 0x00000000 align 2**12
         filesz 0x00000b70 memsz 0x00000b70 flags r-x
    LOAD off    0x00002000 vaddr 0x20000000 paddr 0x00000b70 align 2**12
         filesz 0x00000038 memsz 0x00000078 flags rw-
    LOAD off    0x00002700 vaddr 0x20000700 paddr 0x20000700 align 2**12
         filesz 0x00000000 memsz 0x00000100 flags rw-

Sections:
Idx Name          Size      VMA       LMA       File off  Algn
  0 .init         000000a0  00000000  00000000  00001000  2**2
                  CONTENTS, ALLOC, LOAD, READONLY, CODE
  1 .highcodelalign 00000000  000000a0  000000a0  00002038  2**0
                  CONTENTS
  2 .highcode     00000000  20000000  20000000  00002038  2**0
                  CONTENTS
  3 .text         00000ad0  000000a0  000000a0  000010a0  2**2
                  CONTENTS, ALLOC, LOAD, READONLY, CODE
  4 .fini         00000000  00000b70  00000b70  00002038  2**0
                  CONTENTS, ALLOC, LOAD, CODE
  5 .dalign       00000000  20000000  20000000  00002038  2**0
                  CONTENTS
  6 .dlalign      00000000  00000b70  00000b70  00002038  2**0
                  CONTENTS
  7 .data         00000038  20000000  00000b70  00002000  2**2
                  CONTENTS, ALLOC, LOAD, DATA
  8 .bss          00000040  20000038  00000ba8  00002038  2**2
                  ALLOC
  9 .stack        00000100  20000700  20000700  00002700  2**0
                  ALLOC
 10 .debug_info   0000b9ff  00000000  00000000  00002038  2**0
                  CONTENTS, READONLY, DEBUGGING
 11 .debug_abbrev 00002402  00000000  00000000  0000da37  2**0
                  CONTENTS, READONLY, DEBUGGING
 12 .debug_loc    00002410  00000000  00000000  0000fe39  2**0
                  CONTENTS, READONLY, DEBUGGING
 13 .debug_aranges 000005c8  00000000  00000000  00012250  2**3
                  CONTENTS, READONLY, DEBUGGING
 14 .debug_ranges 000005e8  00000000  00000000  00012818  2**3
                  CONTENTS, READONLY, DEBUGGING
 15 .debug_line   00007559  00000000  00000000  00012e00  2**0
                  CONTENTS, READONLY, DEBUGGING
 16 .debug_str    0000209d  00000000  00000000  0001a359  2**0
                  CONTENTS, READONLY, DEBUGGING
 17 .comment      00000033  00000000  00000000  0001c3f6  2**0
                  CONTENTS, READONLY
 18 .debug_frame  00000ba4  00000000  00000000  0001c42c  2**2
                  CONTENTS, READONLY, DEBUGGING
SYMBOL TABLE:
00000000 l    d  .init	00000000 .init
000000a0 l    d  .highcodelalign	00000000 .highcodelalign
20000000 l    d  .highcode	00000000 .highcode
000000a0 l    d  .text	00000000 .text
00000b70 l    d  .fini	00000000 .fini
20000000 l    d  .dalign	00000000 .dalign
00000b70 l    d  .dlalign	00000000 .dlalign
20000000 l    d  .data	00000000 .data
20000038 l    d  .bss	00000000 .bss
20000700 l    d  .stack	00000000 .stack
00000000 l    d  .debug_info	00000000 .debug_info
00000000 l    d  .debug_abbrev	00000000 .debug_abbrev
00000000 l    d  .debug_loc	00000000 .debug_loc
00000000 l    d  .debug_aranges	00000000 .debug_aranges
00000000 l    d  .debug_ranges	00000000 .debug_ranges
00000000 l    d  .debug_line	00000000 .debug_line
00000000 l    d  .debug_str	00000000 .debug_str
00000000 l    d  .comment	00000000 .comment
00000000 l    d  .debug_frame	00000000 .debug_frame
00000000 l    df *ABS*	00000000 ADC.c
00000000 l    df *ABS*	00000000 SysTick.c
20000068 l     O .bss	00000004 User_Callback
00000000 l    df *ABS*	00000000 main.c
00000000 l    df *ABS*	00000000 ch32v00x_it.c
00000000 l    df *ABS*	00000000 system_ch32v00x.c
00000000 l    df *ABS*	00000000 ch32v00x_adc.c
00000000 l    df *ABS*	00000000 ch32v00x_dma.c
00000000 l    df *ABS*	00000000 ch32v00x_gpio.c
00000000 l    df *ABS*	00000000 ch32v00x_misc.c
00000000 l    df *ABS*	00000000 ch32v00x_rcc.c
20000014 l     O .data	00000014 ADCPrescTable
20000028 l     O .data	00000010 APBAHBPrescTable
00000000 l    df *ABS*	00000000 ch32v00x_usart.c
00000000 l    df *ABS*	00000000 debug.c
000001da g     F .text	00000164 ADC__Initialize
0000087c g     F .text	00000014 DMA_Cmd
2000004c g     O .bss	00000012 DMA_Buffer
000003ee g     F .text	00000006 SysTick_GetTick
20000838 g       .data	00000000 __global_pointer$
00000640  w      .text	00000000 TIM1_CC_IRQHandler
00000496 g     F .text	00000010 HardFault_Handler
00000774 g     F .text	00000012 ADC_DMACmd
0000040c g     F .text	0000001e SysTick_Handler
00000798 g     F .text	0000000a ADC_StartCalibration
00000640  w      .text	00000000 PVD_IRQHandler
00000494 g     F .text	00000002 NMI_Handler
000003f4 g     F .text	00000018 SysTick_GetElapsedTime
0000033e g     F .text	00000062 ADC_Handler
20000038 g       .bss	00000000 _sbss
20000038 g     O .bss	00000012 ADC_Buffer
00000100 g       *ABS*	00000000 __stack_size
00000b0e g     F .text	00000054 USART_Printf_Init
20000060 g     O .bss	00000004 SysTick_Count
000000aa g     F .text	0000000a .hidden __riscv_restore_2
00000764 g     F .text	00000010 ADC_Cmd
20000010 g     O .data	00000004 SystemCoreClock
000000bc g     F .text	0000002c .hidden __udivsi3
000000a0 g       .init	00000000 _einit
20000064 g     O .bss	00000004 SysTick_State
000009f0 g     F .text	0000001e RCC_APB2PeriphClockCmd
000008a6 g     F .text	0000007c GPIO_Init
0000093a g     F .text	00000014 RCC_ADCCLKConfig
20000074 g     O .bss	00000004 NVIC_Priority_Group
00000640  w      .text	00000000 SPI1_IRQHandler
00000786 g     F .text	0000000a ADC_ResetCalibration
00000af8 g     F .text	00000016 USART_Cmd
000000a0 g     F .text	0000000a .hidden __riscv_save_1
000000aa g     F .text	0000000a .hidden __riscv_restore_0
00000640  w      .text	00000000 AWU_IRQHandler
00000640  w      .text	00000000 EXTI7_0_IRQHandler
20000700 g       .stack	00000000 _heap_end
00000640  w      .text	00000000 DMA1_Channel4_IRQHandler
000007c2 g     F .text	000000ba ADC_RegularChannelConfig
00000640  w      .text	00000000 ADC1_IRQHandler
20000070 g     O .bss	00000004 prev_Slot
00000890 g     F .text	0000000e DMA_GetFlagStatus
000007a2 g     F .text	00000008 ADC_GetCalibrationStatus
20000078 g       .bss	00000000 _ebss
00000640  w      .text	00000000 DMA1_Channel7_IRQHandler
000007aa g     F .text	00000018 ADC_SoftwareStartConvCmd
00000790 g     F .text	00000008 ADC_GetResetCalibrationStatus
000000e8 g     F .text	00000008 .hidden __umodsi3
00000640  w      .text	00000000 I2C1_EV_IRQHandler
0000094e g     F .text	000000a2 RCC_GetClocksFreq
00000640  w      .text	00000000 DMA1_Channel6_IRQHandler
00000a2c g     F .text	000000cc USART_Init
00000640  w      .text	00000000 RCC_IRQHandler
00000640  w      .text	00000000 TIM1_TRG_COM_IRQHandler
00000640  w      .text	00000000 DMA1_Channel1_IRQHandler
00000000 g       .init	00000000 _start
20000000 g     O .data	00000010 AHBPrescTable
20000000 g       .highcode	00000000 _highcode_vma_start
20000000 g       .dalign	00000000 _data_vma
00000132 g     F .text	000000a8 memset
00000928 g     F .text	00000012 RCC_AdjustHSICalibrationValue
0000042a g     F .text	0000006a main
000003a0 g     F .text	0000004e SysTick_Init
00000640  w      .text	00000000 DMA1_Channel5_IRQHandler
000000b4 g     F .text	00000058 .hidden __divsi3
000000a0 g       .highcodelalign	00000000 _highcode_lma
000004a6 g     F .text	00000132 SystemInit
00000000 g       .init	00000000 _sinit
00000640  w      .text	00000000 DMA1_Channel3_IRQHandler
00000640  w      .text	00000000 TIM1_UP_IRQHandler
00000640  w      .text	00000000 WWDG_IRQHandler
00000640  w      .text	00000000 TIM2_IRQHandler
20000800 g       .stack	00000000 _eusrstack
000000a0 g     F .text	0000000a .hidden __riscv_save_2
00000640  w      .text	00000000 SW_Handler
000006f2 g     F .text	00000024 ADC_DeInit
00000640  w      .text	00000000 TIM1_BRK_IRQHandler
00000716 g     F .text	0000004e ADC_Init
20000038 g       .data	00000000 _edata
20000078 g       .bss	00000000 _end
20000000 g       .highcode	00000000 _highcode_vma_end
00000b70 g       .dlalign	00000000 _data_lma
000005d8 g     F .text	00000068 SystemCoreClockUpdate
0000010c g     F .text	00000024 .hidden __modsi3
00000640  w      .text	00000000 DMA1_Channel2_IRQHandler
0000089e g     F .text	00000008 DMA_ClearFlag
00000642  w      .text	00000000 handle_reset
00000640  w      .text	00000000 FLASH_IRQHandler
000000a0 g     F .text	0000000a .hidden __riscv_save_0
00000640  w      .text	00000000 USART1_IRQHandler
2000006c g     O .bss	00000004 Slot
00000a0e g     F .text	0000001e RCC_APB2PeriphResetCmd
00000640  w      .text	00000000 I2C1_ER_IRQHandler
00000922 g     F .text	00000006 NVIC_PriorityGroupConfig
000000aa g     F .text	0000000a .hidden __riscv_restore_1
00000b64 g     O .text	00000009 Adc_Enable_Table



Disassembly of section .init:

00000000 <_sinit>:
   0:	6420006f          	j	642 <handle_reset>
   4:	0000                	unimp
   6:	0000                	unimp
   8:	0494                	addi	a3,sp,576
   a:	0000                	unimp
   c:	0496                	slli	s1,s1,0x5
	...
  2e:	0000                	unimp
  30:	040c                	addi	a1,sp,512
  32:	0000                	unimp
  34:	0000                	unimp
  36:	0000                	unimp
  38:	0640                	addi	s0,sp,772
  3a:	0000                	unimp
  3c:	0000                	unimp
  3e:	0000                	unimp
  40:	0640                	addi	s0,sp,772
  42:	0000                	unimp
  44:	0640                	addi	s0,sp,772
  46:	0000                	unimp
  48:	0640                	addi	s0,sp,772
  4a:	0000                	unimp
  4c:	0640                	addi	s0,sp,772
  4e:	0000                	unimp
  50:	0640                	addi	s0,sp,772
  52:	0000                	unimp
  54:	0640                	addi	s0,sp,772
  56:	0000                	unimp
  58:	0640                	addi	s0,sp,772
  5a:	0000                	unimp
  5c:	0640                	addi	s0,sp,772
  5e:	0000                	unimp
  60:	0640                	addi	s0,sp,772
  62:	0000                	unimp
  64:	0640                	addi	s0,sp,772
  66:	0000                	unimp
  68:	0640                	addi	s0,sp,772
  6a:	0000                	unimp
  6c:	0640                	addi	s0,sp,772
  6e:	0000                	unimp
  70:	0640                	addi	s0,sp,772
  72:	0000                	unimp
  74:	0640                	addi	s0,sp,772
  76:	0000                	unimp
  78:	0640                	addi	s0,sp,772
  7a:	0000                	unimp
  7c:	0640                	addi	s0,sp,772
  7e:	0000                	unimp
  80:	0640                	addi	s0,sp,772
  82:	0000                	unimp
  84:	0640                	addi	s0,sp,772
  86:	0000                	unimp
  88:	0640                	addi	s0,sp,772
  8a:	0000                	unimp
  8c:	0640                	addi	s0,sp,772
  8e:	0000                	unimp
  90:	0640                	addi	s0,sp,772
  92:	0000                	unimp
  94:	0640                	addi	s0,sp,772
  96:	0000                	unimp
  98:	0640                	addi	s0,sp,772
  9a:	0000                	unimp
  9c:	0000                	unimp
	...

Disassembly of section .text:

000000a0 <__riscv_save_0>:
  a0:	1151                	addi	sp,sp,-12
  a2:	c026                	sw	s1,0(sp)
  a4:	c222                	sw	s0,4(sp)
  a6:	c406                	sw	ra,8(sp)
  a8:	8282                	jr	t0

000000aa <__riscv_restore_0>:
  aa:	4482                	lw	s1,0(sp)
  ac:	4412                	lw	s0,4(sp)
  ae:	40a2                	lw	ra,8(sp)
  b0:	0131                	addi	sp,sp,12
  b2:	8082                	ret

000000b4 <__divsi3>:
  b4:	02054e63          	bltz	a0,f0 <__umodsi3+0x8>
  b8:	0405c363          	bltz	a1,fe <__umodsi3+0x16>

000000bc <__udivsi3>:
  bc:	862e                	mv	a2,a1
  be:	85aa                	mv	a1,a0
  c0:	557d                	li	a0,-1
  c2:	c215                	beqz	a2,e6 <__udivsi3+0x2a>
  c4:	4685                	li	a3,1
  c6:	00b67863          	bgeu	a2,a1,d6 <__udivsi3+0x1a>
  ca:	00c05663          	blez	a2,d6 <__udivsi3+0x1a>
  ce:	0606                	slli	a2,a2,0x1
  d0:	0686                	slli	a3,a3,0x1
  d2:	feb66ce3          	bltu	a2,a1,ca <__udivsi3+0xe>
  d6:	4501                	li	a0,0
  d8:	00c5e463          	bltu	a1,a2,e0 <__udivsi3+0x24>
  dc:	8d91                	sub	a1,a1,a2
  de:	8d55                	or	a0,a0,a3
  e0:	8285                	srli	a3,a3,0x1
  e2:	8205                	srli	a2,a2,0x1
  e4:	faf5                	bnez	a3,d8 <__udivsi3+0x1c>
  e6:	8082                	ret

000000e8 <__umodsi3>:
  e8:	8286                	mv	t0,ra
  ea:	3fc9                	jal	bc <__udivsi3>
  ec:	852e                	mv	a0,a1
  ee:	8282                	jr	t0
  f0:	40a00533          	neg	a0,a0
  f4:	0005d763          	bgez	a1,102 <__stack_size+0x2>
  f8:	40b005b3          	neg	a1,a1
  fc:	b7c1                	j	bc <__udivsi3>
  fe:	40b005b3          	neg	a1,a1
 102:	8286                	mv	t0,ra
 104:	3f65                	jal	bc <__udivsi3>
 106:	40a00533          	neg	a0,a0
 10a:	8282                	jr	t0

0000010c <__modsi3>:
 10c:	8286                	mv	t0,ra
 10e:	0005c763          	bltz	a1,11c <__modsi3+0x10>
 112:	00054963          	bltz	a0,124 <__modsi3+0x18>
 116:	375d                	jal	bc <__udivsi3>
 118:	852e                	mv	a0,a1
 11a:	8282                	jr	t0
 11c:	40b005b3          	neg	a1,a1
 120:	fe055be3          	bgez	a0,116 <__modsi3+0xa>
 124:	40a00533          	neg	a0,a0
 128:	3f51                	jal	bc <__udivsi3>
 12a:	40b00533          	neg	a0,a1
 12e:	8282                	jr	t0
	...

00000132 <memset>:
 132:	433d                	li	t1,15
 134:	872a                	mv	a4,a0
 136:	02c37363          	bgeu	t1,a2,15c <memset+0x2a>
 13a:	00f77793          	andi	a5,a4,15
 13e:	efbd                	bnez	a5,1bc <memset+0x8a>
 140:	e5ad                	bnez	a1,1aa <memset+0x78>
 142:	ff067693          	andi	a3,a2,-16
 146:	8a3d                	andi	a2,a2,15
 148:	96ba                	add	a3,a3,a4
 14a:	c30c                	sw	a1,0(a4)
 14c:	c34c                	sw	a1,4(a4)
 14e:	c70c                	sw	a1,8(a4)
 150:	c74c                	sw	a1,12(a4)
 152:	0741                	addi	a4,a4,16
 154:	fed76be3          	bltu	a4,a3,14a <memset+0x18>
 158:	e211                	bnez	a2,15c <memset+0x2a>
 15a:	8082                	ret
 15c:	40c306b3          	sub	a3,t1,a2
 160:	068a                	slli	a3,a3,0x2
 162:	00000297          	auipc	t0,0x0
 166:	9696                	add	a3,a3,t0
 168:	00a68067          	jr	10(a3)
 16c:	00b70723          	sb	a1,14(a4)
 170:	00b706a3          	sb	a1,13(a4)
 174:	00b70623          	sb	a1,12(a4)
 178:	00b705a3          	sb	a1,11(a4)
 17c:	00b70523          	sb	a1,10(a4)
 180:	00b704a3          	sb	a1,9(a4)
 184:	00b70423          	sb	a1,8(a4)
 188:	00b703a3          	sb	a1,7(a4)
 18c:	00b70323          	sb	a1,6(a4)
 190:	00b702a3          	sb	a1,5(a4)
 194:	00b70223          	sb	a1,4(a4)
 198:	00b701a3          	sb	a1,3(a4)
 19c:	00b70123          	sb	a1,2(a4)
 1a0:	00b700a3          	sb	a1,1(a4)
 1a4:	00b70023          	sb	a1,0(a4)
 1a8:	8082                	ret
 1aa:	0ff5f593          	andi	a1,a1,255
 1ae:	00859693          	slli	a3,a1,0x8
 1b2:	8dd5                	or	a1,a1,a3
 1b4:	01059693          	slli	a3,a1,0x10
 1b8:	8dd5                	or	a1,a1,a3
 1ba:	b761                	j	142 <memset+0x10>
 1bc:	00279693          	slli	a3,a5,0x2
 1c0:	00000297          	auipc	t0,0x0
 1c4:	9696                	add	a3,a3,t0
 1c6:	8286                	mv	t0,ra
 1c8:	fa8680e7          	jalr	-88(a3)
 1cc:	8096                	mv	ra,t0
 1ce:	17c1                	addi	a5,a5,-16
 1d0:	8f1d                	sub	a4,a4,a5
 1d2:	963e                	add	a2,a2,a5
 1d4:	f8c374e3          	bgeu	t1,a2,15c <memset+0x2a>
 1d8:	b7a5                	j	140 <memset+0xe>

000001da <ADC__Initialize>:
 1da:	ec7ff2ef          	jal	t0,a0 <__riscv_save_0>
 1de:	fd810113          	addi	sp,sp,-40
 1e2:	4661                	li	a2,24
 1e4:	4581                	li	a1,0
 1e6:	0808                	addi	a0,sp,16
 1e8:	37a9                	jal	132 <memset>
 1ea:	4585                	li	a1,1
 1ec:	20000513          	li	a0,512
 1f0:	001000ef          	jal	ra,9f0 <RCC_APB2PeriphClockCmd>
 1f4:	6531                	lui	a0,0xc
 1f6:	744000ef          	jal	ra,93a <RCC_ADCCLKConfig>
 1fa:	4585                	li	a1,1
 1fc:	4541                	li	a0,16
 1fe:	c202                	sw	zero,4(sp)
 200:	c402                	sw	zero,8(sp)
 202:	c602                	sw	zero,12(sp)
 204:	7ec000ef          	jal	ra,9f0 <RCC_APB2PeriphClockCmd>
 208:	47c1                	li	a5,16
 20a:	004c                	addi	a1,sp,4
 20c:	40011537          	lui	a0,0x40011
 210:	827c                	sh	a5,4(sp)
 212:	c602                	sw	zero,12(sp)
 214:	2d49                	jal	8a6 <GPIO_Init>
 216:	4585                	li	a1,1
 218:	02000513          	li	a0,32
 21c:	7d4000ef          	jal	ra,9f0 <RCC_APB2PeriphClockCmd>
 220:	40011537          	lui	a0,0x40011
 224:	4791                	li	a5,4
 226:	004c                	addi	a1,sp,4
 228:	40050513          	addi	a0,a0,1024 # 40011400 <__global_pointer$+0x20010bc8>
 22c:	827c                	sh	a5,4(sp)
 22e:	c602                	sw	zero,12(sp)
 230:	6485                	lui	s1,0x1
 232:	2d95                	jal	8a6 <GPIO_Init>
 234:	4785                	li	a5,1
 236:	4401                	li	s0,0
 238:	b6448493          	addi	s1,s1,-1180 # b64 <Adc_Enable_Table>
 23c:	4685                	li	a3,1
 23e:	4725                	li	a4,9
 240:	00f48633          	add	a2,s1,a5
 244:	2210                	lbu	a2,0(a2)
 246:	00d61563          	bne	a2,a3,250 <ADC__Initialize+0x76>
 24a:	0405                	addi	s0,s0,1
 24c:	0ff47413          	andi	s0,s0,255
 250:	0785                	addi	a5,a5,1
 252:	fee797e3          	bne	a5,a4,240 <ADC__Initialize+0x66>
 256:	40021737          	lui	a4,0x40021
 25a:	4b5c                	lw	a5,20(a4)
 25c:	400206b7          	lui	a3,0x40020
 260:	7671                	lui	a2,0xffffc
 262:	0017e793          	ori	a5,a5,1
 266:	cb5c                	sw	a5,20(a4)
 268:	469c                	lw	a5,8(a3)
 26a:	1679                	addi	a2,a2,-2
 26c:	40012537          	lui	a0,0x40012
 270:	8ff1                	and	a5,a5,a2
 272:	6609                	lui	a2,0x2
 274:	5a060613          	addi	a2,a2,1440 # 25a0 <_data_lma+0x1a30>
 278:	8fd1                	or	a5,a5,a2
 27a:	c69c                	sw	a5,8(a3)
 27c:	c6c0                	sw	s0,12(a3)
 27e:	44c50793          	addi	a5,a0,1100 # 4001244c <__global_pointer$+0x20011c14>
 282:	ca9c                	sw	a5,16(a3)
 284:	81418793          	addi	a5,gp,-2028 # 2000004c <DMA_Buffer>
 288:	cadc                	sw	a5,20(a3)
 28a:	40050513          	addi	a0,a0,1024
 28e:	2195                	jal	6f2 <ADC_DeInit>
 290:	4785                	li	a5,1
 292:	ca3e                	sw	a5,20(sp)
 294:	cc3e                	sw	a5,24(sp)
 296:	000e07b7          	lui	a5,0xe0
 29a:	02810223          	sb	s0,36(sp)
 29e:	c802                	sw	zero,16(sp)
 2a0:	ce3e                	sw	a5,28(sp)
 2a2:	d002                	sw	zero,32(sp)
 2a4:	4705                	li	a4,1
 2a6:	4405                	li	s0,1
 2a8:	47a1                	li	a5,8
 2aa:	0ff77593          	andi	a1,a4,255
 2ae:	06f71463          	bne	a4,a5,316 <ADC__Initialize+0x13c>
 2b2:	8622                	mv	a2,s0
 2b4:	40012437          	lui	s0,0x40012
 2b8:	469d                	li	a3,7
 2ba:	45a1                	li	a1,8
 2bc:	40040513          	addi	a0,s0,1024 # 40012400 <__global_pointer$+0x20011bc8>
 2c0:	2309                	jal	7c2 <ADC_RegularChannelConfig>
 2c2:	080c                	addi	a1,sp,16
 2c4:	40040513          	addi	a0,s0,1024
 2c8:	21b9                	jal	716 <ADC_Init>
 2ca:	4585                	li	a1,1
 2cc:	40040513          	addi	a0,s0,1024
 2d0:	2155                	jal	774 <ADC_DMACmd>
 2d2:	4585                	li	a1,1
 2d4:	40040513          	addi	a0,s0,1024
 2d8:	2171                	jal	764 <ADC_Cmd>
 2da:	40040513          	addi	a0,s0,1024
 2de:	2165                	jal	786 <ADC_ResetCalibration>
 2e0:	40040493          	addi	s1,s0,1024
 2e4:	8526                	mv	a0,s1
 2e6:	216d                	jal	790 <ADC_GetResetCalibrationStatus>
 2e8:	fd75                	bnez	a0,2e4 <ADC__Initialize+0x10a>
 2ea:	40040513          	addi	a0,s0,1024
 2ee:	40012437          	lui	s0,0x40012
 2f2:	215d                	jal	798 <ADC_StartCalibration>
 2f4:	40040493          	addi	s1,s0,1024 # 40012400 <__global_pointer$+0x20011bc8>
 2f8:	8526                	mv	a0,s1
 2fa:	2165                	jal	7a2 <ADC_GetCalibrationStatus>
 2fc:	fd75                	bnez	a0,2f8 <ADC__Initialize+0x11e>
 2fe:	40020537          	lui	a0,0x40020
 302:	4585                	li	a1,1
 304:	0521                	addi	a0,a0,8
 306:	2b9d                	jal	87c <DMA_Cmd>
 308:	4585                	li	a1,1
 30a:	40040513          	addi	a0,s0,1024
 30e:	2971                	jal	7aa <ADC_SoftwareStartConvCmd>
 310:	02810113          	addi	sp,sp,40
 314:	bb59                	j	aa <__riscv_restore_0>
 316:	00e487b3          	add	a5,s1,a4
 31a:	2394                	lbu	a3,0(a5)
 31c:	4785                	li	a5,1
 31e:	00f69e63          	bne	a3,a5,33a <ADC__Initialize+0x160>
 322:	40012537          	lui	a0,0x40012
 326:	8622                	mv	a2,s0
 328:	469d                	li	a3,7
 32a:	40050513          	addi	a0,a0,1024 # 40012400 <__global_pointer$+0x20011bc8>
 32e:	c03a                	sw	a4,0(sp)
 330:	2949                	jal	7c2 <ADC_RegularChannelConfig>
 332:	4702                	lw	a4,0(sp)
 334:	0405                	addi	s0,s0,1
 336:	0ff47413          	andi	s0,s0,255
 33a:	0705                	addi	a4,a4,1
 33c:	b7b5                	j	2a8 <ADC__Initialize+0xce>

0000033e <ADC_Handler>:
 33e:	d63ff2ef          	jal	t0,a0 <__riscv_save_0>
 342:	4509                	li	a0,2
 344:	23b1                	jal	890 <DMA_GetFlagStatus>
 346:	cd21                	beqz	a0,39e <ADC_Handler+0x60>
 348:	4509                	li	a0,2
 34a:	2b91                	jal	89e <DMA_ClearFlag>
 34c:	6685                	lui	a3,0x1
 34e:	20000637          	lui	a2,0x20000
 352:	4701                	li	a4,0
 354:	4781                	li	a5,0
 356:	b6468693          	addi	a3,a3,-1180 # b64 <Adc_Enable_Table>
 35a:	4385                	li	t2,1
 35c:	03860613          	addi	a2,a2,56 # 20000038 <_edata>
 360:	81418593          	addi	a1,gp,-2028 # 2000004c <DMA_Buffer>
 364:	42a1                	li	t0,8
 366:	00e68533          	add	a0,a3,a4
 36a:	2108                	lbu	a0,0(a0)
 36c:	00751f63          	bne	a0,t2,38a <ADC_Handler+0x4c>
 370:	00179313          	slli	t1,a5,0x1
 374:	932e                	add	t1,t1,a1
 376:	00035303          	lhu	t1,0(t1)
 37a:	00171513          	slli	a0,a4,0x1
 37e:	9532                	add	a0,a0,a2
 380:	0785                	addi	a5,a5,1
 382:	00651023          	sh	t1,0(a0)
 386:	0ff7f793          	andi	a5,a5,255
 38a:	0705                	addi	a4,a4,1
 38c:	fc571de3          	bne	a4,t0,366 <ADC_Handler+0x28>
 390:	81418713          	addi	a4,gp,-2028 # 2000004c <DMA_Buffer>
 394:	0786                	slli	a5,a5,0x1
 396:	97ba                	add	a5,a5,a4
 398:	239a                	lhu	a4,0(a5)
 39a:	80e19823          	sh	a4,-2032(gp) # 20000048 <_edata+0x10>
 39e:	b331                	j	aa <__riscv_restore_0>

000003a0 <SysTick_Init>:
 3a0:	d01ff2ef          	jal	t0,a0 <__riscv_save_0>
 3a4:	e000f7b7          	lui	a5,0xe000f
 3a8:	0007a023          	sw	zero,0(a5) # e000f000 <__global_pointer$+0xc000e7c8>
 3ac:	200007b7          	lui	a5,0x20000
 3b0:	0107a503          	lw	a0,16(a5) # 20000010 <SystemCoreClock>
 3b4:	6589                	lui	a1,0x2
 3b6:	f4058593          	addi	a1,a1,-192 # 1f40 <_data_lma+0x13d0>
 3ba:	3309                	jal	bc <__udivsi3>
 3bc:	157d                	addi	a0,a0,-1
 3be:	010007b7          	lui	a5,0x1000
 3c2:	00f56463          	bltu	a0,a5,3ca <SysTick_Init+0x2a>
 3c6:	fff78513          	addi	a0,a5,-1 # ffffff <_data_lma+0xfff48f>
 3ca:	e000f7b7          	lui	a5,0xe000f
 3ce:	0007a423          	sw	zero,8(a5) # e000f008 <__global_pointer$+0xc000e7d0>
 3d2:	cb88                	sw	a0,16(a5)
 3d4:	472d                	li	a4,11
 3d6:	c398                	sw	a4,0(a5)
 3d8:	e000e7b7          	lui	a5,0xe000e
 3dc:	6705                	lui	a4,0x1
 3de:	10e7a023          	sw	a4,256(a5) # e000e100 <__global_pointer$+0xc000d8c8>
 3e2:	4705                	li	a4,1
 3e4:	82e1a623          	sw	a4,-2004(gp) # 20000064 <SysTick_State>
 3e8:	8201a423          	sw	zero,-2008(gp) # 20000060 <SysTick_Count>
 3ec:	b97d                	j	aa <__riscv_restore_0>

000003ee <SysTick_GetTick>:
 3ee:	8281a503          	lw	a0,-2008(gp) # 20000060 <SysTick_Count>
 3f2:	8082                	ret

000003f4 <SysTick_GetElapsedTime>:
 3f4:	82c1a703          	lw	a4,-2004(gp) # 20000064 <SysTick_State>
 3f8:	4785                	li	a5,1
 3fa:	00f71763          	bne	a4,a5,408 <SysTick_GetElapsedTime+0x14>
 3fe:	8281a783          	lw	a5,-2008(gp) # 20000060 <SysTick_Count>
 402:	40a78533          	sub	a0,a5,a0
 406:	8082                	ret
 408:	4501                	li	a0,0
 40a:	8082                	ret

0000040c <SysTick_Handler>:
 40c:	e000f7b7          	lui	a5,0xe000f
 410:	0007a223          	sw	zero,4(a5) # e000f004 <__global_pointer$+0xc000e7cc>
 414:	82818793          	addi	a5,gp,-2008 # 20000060 <SysTick_Count>
 418:	4398                	lw	a4,0(a5)
 41a:	0705                	addi	a4,a4,1
 41c:	c398                	sw	a4,0(a5)
 41e:	8301a783          	lw	a5,-2000(gp) # 20000068 <User_Callback>
 422:	c391                	beqz	a5,426 <SysTick_Handler+0x1a>
 424:	9782                	jalr	a5
 426:	30200073          	mret

0000042a <main>:
 42a:	c77ff2ef          	jal	t0,a0 <__riscv_save_0>
 42e:	1171                	addi	sp,sp,-4
 430:	4505                	li	a0,1
 432:	8201aa23          	sw	zero,-1996(gp) # 2000006c <Slot>
 436:	21f5                	jal	922 <NVIC_PriorityGroupConfig>
 438:	2245                	jal	5d8 <SystemCoreClockUpdate>
 43a:	6571                	lui	a0,0x1c
 43c:	20050513          	addi	a0,a0,512 # 1c200 <_data_lma+0x1b690>
 440:	25f9                	jal	b0e <USART_Printf_Init>
 442:	3fb9                	jal	3a0 <SysTick_Init>
 444:	3b59                	jal	1da <ADC__Initialize>
 446:	3765                	jal	3ee <SysTick_GetTick>
 448:	84aa                	mv	s1,a0
 44a:	83418413          	addi	s0,gp,-1996 # 2000006c <Slot>
 44e:	3dc5                	jal	33e <ADC_Handler>
 450:	4018                	lw	a4,0(s0)
 452:	4795                	li	a5,5
 454:	00e7f463          	bgeu	a5,a4,45c <main+0x32>
 458:	00042023          	sw	zero,0(s0)
 45c:	3f49                	jal	3ee <SysTick_GetTick>
 45e:	c02a                	sw	a0,0(sp)
 460:	8526                	mv	a0,s1
 462:	3f49                	jal	3f4 <SysTick_GetElapsedTime>
 464:	cd11                	beqz	a0,480 <main+0x56>
 466:	8381a783          	lw	a5,-1992(gp) # 20000070 <prev_Slot>
 46a:	4611                	li	a2,4
 46c:	4702                	lw	a4,0(sp)
 46e:	0785                	addi	a5,a5,1
 470:	00f67563          	bgeu	a2,a5,47a <main+0x50>
 474:	00042023          	sw	zero,0(s0)
 478:	a011                	j	47c <main+0x52>
 47a:	c01c                	sw	a5,0(s0)
 47c:	84ba                	mv	s1,a4
 47e:	bfc1                	j	44e <main+0x24>
 480:	401c                	lw	a5,0(s0)
 482:	4715                	li	a4,5
 484:	00e78463          	beq	a5,a4,48c <main+0x62>
 488:	82f1ac23          	sw	a5,-1992(gp) # 20000070 <prev_Slot>
 48c:	4795                	li	a5,5
 48e:	c01c                	sw	a5,0(s0)
 490:	8726                	mv	a4,s1
 492:	b7ed                	j	47c <main+0x52>

00000494 <NMI_Handler>:
 494:	a001                	j	494 <NMI_Handler>

00000496 <HardFault_Handler>:
 496:	beef07b7          	lui	a5,0xbeef0
 49a:	e000e737          	lui	a4,0xe000e
 49e:	08078793          	addi	a5,a5,128 # beef0080 <__global_pointer$+0x9eeef848>
 4a2:	c73c                	sw	a5,72(a4)
 4a4:	a001                	j	4a4 <HardFault_Handler+0xe>

000004a6 <SystemInit>:
 4a6:	bfbff2ef          	jal	t0,a0 <__riscv_save_0>
 4aa:	40021437          	lui	s0,0x40021
 4ae:	401c                	lw	a5,0(s0)
 4b0:	f8ff0737          	lui	a4,0xf8ff0
 4b4:	1161                	addi	sp,sp,-8
 4b6:	0017e793          	ori	a5,a5,1
 4ba:	c01c                	sw	a5,0(s0)
 4bc:	405c                	lw	a5,4(s0)
 4be:	4541                	li	a0,16
 4c0:	8ff9                	and	a5,a5,a4
 4c2:	c05c                	sw	a5,4(s0)
 4c4:	401c                	lw	a5,0(s0)
 4c6:	fef70737          	lui	a4,0xfef70
 4ca:	177d                	addi	a4,a4,-1
 4cc:	8ff9                	and	a5,a5,a4
 4ce:	c01c                	sw	a5,0(s0)
 4d0:	401c                	lw	a5,0(s0)
 4d2:	fffc0737          	lui	a4,0xfffc0
 4d6:	177d                	addi	a4,a4,-1
 4d8:	8ff9                	and	a5,a5,a4
 4da:	c01c                	sw	a5,0(s0)
 4dc:	405c                	lw	a5,4(s0)
 4de:	7741                	lui	a4,0xffff0
 4e0:	177d                	addi	a4,a4,-1
 4e2:	8ff9                	and	a5,a5,a4
 4e4:	c05c                	sw	a5,4(s0)
 4e6:	009f07b7          	lui	a5,0x9f0
 4ea:	c41c                	sw	a5,8(s0)
 4ec:	2935                	jal	928 <RCC_AdjustHSICalibrationValue>
 4ee:	4c1c                	lw	a5,24(s0)
 4f0:	00020637          	lui	a2,0x20
 4f4:	0207e793          	ori	a5,a5,32
 4f8:	cc1c                	sw	a5,24(s0)
 4fa:	400117b7          	lui	a5,0x40011
 4fe:	4007a703          	lw	a4,1024(a5) # 40011400 <__global_pointer$+0x20010bc8>
 502:	40078693          	addi	a3,a5,1024
 506:	f0f77713          	andi	a4,a4,-241
 50a:	40e7a023          	sw	a4,1024(a5)
 50e:	4007a703          	lw	a4,1024(a5)
 512:	08076713          	ori	a4,a4,128
 516:	40e7a023          	sw	a4,1024(a5)
 51a:	4789                	li	a5,2
 51c:	ca9c                	sw	a5,16(a3)
 51e:	c002                	sw	zero,0(sp)
 520:	c202                	sw	zero,4(sp)
 522:	4c1c                	lw	a5,24(s0)
 524:	40010737          	lui	a4,0x40010
 528:	66a1                	lui	a3,0x8
 52a:	0017e793          	ori	a5,a5,1
 52e:	cc1c                	sw	a5,24(s0)
 530:	435c                	lw	a5,4(a4)
 532:	8fd5                	or	a5,a5,a3
 534:	c35c                	sw	a5,4(a4)
 536:	401c                	lw	a5,0(s0)
 538:	6741                	lui	a4,0x10
 53a:	400216b7          	lui	a3,0x40021
 53e:	8fd9                	or	a5,a5,a4
 540:	c01c                	sw	a5,0(s0)
 542:	6709                	lui	a4,0x2
 544:	429c                	lw	a5,0(a3)
 546:	8ff1                	and	a5,a5,a2
 548:	c23e                	sw	a5,4(sp)
 54a:	4782                	lw	a5,0(sp)
 54c:	0785                	addi	a5,a5,1
 54e:	c03e                	sw	a5,0(sp)
 550:	4792                	lw	a5,4(sp)
 552:	e781                	bnez	a5,55a <SystemInit+0xb4>
 554:	4782                	lw	a5,0(sp)
 556:	fee797e3          	bne	a5,a4,544 <SystemInit+0x9e>
 55a:	400217b7          	lui	a5,0x40021
 55e:	439c                	lw	a5,0(a5)
 560:	00e79713          	slli	a4,a5,0xe
 564:	06075863          	bgez	a4,5d4 <SystemInit+0x12e>
 568:	4785                	li	a5,1
 56a:	c23e                	sw	a5,4(sp)
 56c:	4712                	lw	a4,4(sp)
 56e:	4785                	li	a5,1
 570:	06f71063          	bne	a4,a5,5d0 <SystemInit+0x12a>
 574:	400227b7          	lui	a5,0x40022
 578:	4398                	lw	a4,0(a5)
 57a:	76c1                	lui	a3,0xffff0
 57c:	16fd                	addi	a3,a3,-1
 57e:	9b71                	andi	a4,a4,-4
 580:	c398                	sw	a4,0(a5)
 582:	4398                	lw	a4,0(a5)
 584:	00176713          	ori	a4,a4,1
 588:	c398                	sw	a4,0(a5)
 58a:	400217b7          	lui	a5,0x40021
 58e:	43d8                	lw	a4,4(a5)
 590:	c3d8                	sw	a4,4(a5)
 592:	43d8                	lw	a4,4(a5)
 594:	8f75                	and	a4,a4,a3
 596:	c3d8                	sw	a4,4(a5)
 598:	43d8                	lw	a4,4(a5)
 59a:	66c1                	lui	a3,0x10
 59c:	8f55                	or	a4,a4,a3
 59e:	c3d8                	sw	a4,4(a5)
 5a0:	4398                	lw	a4,0(a5)
 5a2:	010006b7          	lui	a3,0x1000
 5a6:	8f55                	or	a4,a4,a3
 5a8:	c398                	sw	a4,0(a5)
 5aa:	4398                	lw	a4,0(a5)
 5ac:	00671693          	slli	a3,a4,0x6
 5b0:	fe06dde3          	bgez	a3,5aa <SystemInit+0x104>
 5b4:	43d8                	lw	a4,4(a5)
 5b6:	400216b7          	lui	a3,0x40021
 5ba:	9b71                	andi	a4,a4,-4
 5bc:	c3d8                	sw	a4,4(a5)
 5be:	43d8                	lw	a4,4(a5)
 5c0:	00276713          	ori	a4,a4,2
 5c4:	c3d8                	sw	a4,4(a5)
 5c6:	4721                	li	a4,8
 5c8:	42dc                	lw	a5,4(a3)
 5ca:	8bb1                	andi	a5,a5,12
 5cc:	fee79ee3          	bne	a5,a4,5c8 <SystemInit+0x122>
 5d0:	0121                	addi	sp,sp,8
 5d2:	bce1                	j	aa <__riscv_restore_0>
 5d4:	c202                	sw	zero,4(sp)
 5d6:	bf59                	j	56c <SystemInit+0xc6>

000005d8 <SystemCoreClockUpdate>:
 5d8:	ac9ff2ef          	jal	t0,a0 <__riscv_save_0>
 5dc:	40021737          	lui	a4,0x40021
 5e0:	435c                	lw	a5,4(a4)
 5e2:	20000437          	lui	s0,0x20000
 5e6:	4691                	li	a3,4
 5e8:	8bb1                	andi	a5,a5,12
 5ea:	01040413          	addi	s0,s0,16 # 20000010 <SystemCoreClock>
 5ee:	00d78563          	beq	a5,a3,5f8 <SystemCoreClockUpdate+0x20>
 5f2:	46a1                	li	a3,8
 5f4:	04d78063          	beq	a5,a3,634 <SystemCoreClockUpdate+0x5c>
 5f8:	016e37b7          	lui	a5,0x16e3
 5fc:	60078793          	addi	a5,a5,1536 # 16e3600 <_data_lma+0x16e2a90>
 600:	c01c                	sw	a5,0(s0)
 602:	400216b7          	lui	a3,0x40021
 606:	42dc                	lw	a5,4(a3)
 608:	4008                	lw	a0,0(s0)
 60a:	8391                	srli	a5,a5,0x4
 60c:	00f7f713          	andi	a4,a5,15
 610:	200007b7          	lui	a5,0x20000
 614:	00078793          	mv	a5,a5
 618:	97ba                	add	a5,a5,a4
 61a:	238c                	lbu	a1,0(a5)
 61c:	42dc                	lw	a5,4(a3)
 61e:	0ff5f593          	andi	a1,a1,255
 622:	0807f793          	andi	a5,a5,128
 626:	00b55733          	srl	a4,a0,a1
 62a:	e399                	bnez	a5,630 <SystemCoreClockUpdate+0x58>
 62c:	3c41                	jal	bc <__udivsi3>
 62e:	872a                	mv	a4,a0
 630:	c018                	sw	a4,0(s0)
 632:	bca5                	j	aa <__riscv_restore_0>
 634:	435c                	lw	a5,4(a4)
 636:	02dc77b7          	lui	a5,0x2dc7
 63a:	c0078793          	addi	a5,a5,-1024 # 2dc6c00 <_data_lma+0x2dc6090>
 63e:	b7c9                	j	600 <SystemCoreClockUpdate+0x28>

00000640 <ADC1_IRQHandler>:
 640:	a001                	j	640 <ADC1_IRQHandler>

00000642 <handle_reset>:
 642:	20000197          	auipc	gp,0x20000
 646:	1f618193          	addi	gp,gp,502 # 20000838 <__global_pointer$>
 64a:	fc818113          	addi	sp,gp,-56 # 20000800 <_eusrstack>
 64e:	0a000513          	li	a0,160
 652:	20000597          	auipc	a1,0x20000
 656:	9ae58593          	addi	a1,a1,-1618 # 20000000 <_highcode_vma_end>
 65a:	20000617          	auipc	a2,0x20000
 65e:	9a660613          	addi	a2,a2,-1626 # 20000000 <_highcode_vma_end>
 662:	00c5fa63          	bgeu	a1,a2,676 <handle_reset+0x34>
 666:	00052283          	lw	t0,0(a0)
 66a:	0055a023          	sw	t0,0(a1)
 66e:	0511                	addi	a0,a0,4
 670:	0591                	addi	a1,a1,4
 672:	fec5eae3          	bltu	a1,a2,666 <handle_reset+0x24>
 676:	00000517          	auipc	a0,0x0
 67a:	4fa50513          	addi	a0,a0,1274 # b70 <_data_lma>
 67e:	20000597          	auipc	a1,0x20000
 682:	98258593          	addi	a1,a1,-1662 # 20000000 <_highcode_vma_end>
 686:	20000617          	auipc	a2,0x20000
 68a:	9b260613          	addi	a2,a2,-1614 # 20000038 <_edata>
 68e:	00c5fa63          	bgeu	a1,a2,6a2 <handle_reset+0x60>
 692:	00052283          	lw	t0,0(a0)
 696:	0055a023          	sw	t0,0(a1)
 69a:	0511                	addi	a0,a0,4
 69c:	0591                	addi	a1,a1,4
 69e:	fec5eae3          	bltu	a1,a2,692 <handle_reset+0x50>
 6a2:	20000517          	auipc	a0,0x20000
 6a6:	99650513          	addi	a0,a0,-1642 # 20000038 <_edata>
 6aa:	84018593          	addi	a1,gp,-1984 # 20000078 <_ebss>
 6ae:	00b57763          	bgeu	a0,a1,6bc <handle_reset+0x7a>
 6b2:	00052023          	sw	zero,0(a0)
 6b6:	0511                	addi	a0,a0,4
 6b8:	feb56de3          	bltu	a0,a1,6b2 <handle_reset+0x70>
 6bc:	000022b7          	lui	t0,0x2
 6c0:	88028293          	addi	t0,t0,-1920 # 1880 <_data_lma+0xd10>
 6c4:	30029073          	csrw	mstatus,t0
 6c8:	428d                	li	t0,3
 6ca:	80429073          	csrw	0x804,t0
 6ce:	00000297          	auipc	t0,0x0
 6d2:	93228293          	addi	t0,t0,-1742 # 0 <_sinit>
 6d6:	0032e293          	ori	t0,t0,3
 6da:	30529073          	csrw	mtvec,t0
 6de:	dc9ff0ef          	jal	ra,4a6 <SystemInit>
 6e2:	00000297          	auipc	t0,0x0
 6e6:	d4828293          	addi	t0,t0,-696 # 42a <main>
 6ea:	34129073          	csrw	mepc,t0
 6ee:	30200073          	mret

000006f2 <ADC_DeInit>:
 6f2:	400127b7          	lui	a5,0x40012
 6f6:	40078793          	addi	a5,a5,1024 # 40012400 <__global_pointer$+0x20011bc8>
 6fa:	00f51d63          	bne	a0,a5,714 <ADC_DeInit+0x22>
 6fe:	9a3ff2ef          	jal	t0,a0 <__riscv_save_0>
 702:	4585                	li	a1,1
 704:	20000513          	li	a0,512
 708:	2619                	jal	a0e <RCC_APB2PeriphResetCmd>
 70a:	4581                	li	a1,0
 70c:	20000513          	li	a0,512
 710:	2cfd                	jal	a0e <RCC_APB2PeriphResetCmd>
 712:	ba61                	j	aa <__riscv_restore_0>
 714:	8082                	ret

00000716 <ADC_Init>:
 716:	415c                	lw	a5,4(a0)
 718:	fff10737          	lui	a4,0xfff10
 71c:	eff70713          	addi	a4,a4,-257 # fff0feff <__global_pointer$+0xdff0f6c7>
 720:	8f7d                	and	a4,a4,a5
 722:	41dc                	lw	a5,4(a1)
 724:	4194                	lw	a3,0(a1)
 726:	07a2                	slli	a5,a5,0x8
 728:	8fd5                	or	a5,a5,a3
 72a:	8fd9                	or	a5,a5,a4
 72c:	c15c                	sw	a5,4(a0)
 72e:	451c                	lw	a5,8(a0)
 730:	fff1f737          	lui	a4,0xfff1f
 734:	7fd70713          	addi	a4,a4,2045 # fff1f7fd <__global_pointer$+0xdff1efc5>
 738:	45d4                	lw	a3,12(a1)
 73a:	8f7d                	and	a4,a4,a5
 73c:	499c                	lw	a5,16(a1)
 73e:	8fd5                	or	a5,a5,a3
 740:	4594                	lw	a3,8(a1)
 742:	0686                	slli	a3,a3,0x1
 744:	8fd5                	or	a5,a5,a3
 746:	8fd9                	or	a5,a5,a4
 748:	c51c                	sw	a5,8(a0)
 74a:	555c                	lw	a5,44(a0)
 74c:	ff100737          	lui	a4,0xff100
 750:	177d                	addi	a4,a4,-1
 752:	8f7d                	and	a4,a4,a5
 754:	29dc                	lbu	a5,20(a1)
 756:	17fd                	addi	a5,a5,-1
 758:	0ff7f793          	andi	a5,a5,255
 75c:	07d2                	slli	a5,a5,0x14
 75e:	8fd9                	or	a5,a5,a4
 760:	d55c                	sw	a5,44(a0)
 762:	8082                	ret

00000764 <ADC_Cmd>:
 764:	451c                	lw	a5,8(a0)
 766:	c589                	beqz	a1,770 <ADC_Cmd+0xc>
 768:	0017e793          	ori	a5,a5,1
 76c:	c51c                	sw	a5,8(a0)
 76e:	8082                	ret
 770:	9bf9                	andi	a5,a5,-2
 772:	bfed                	j	76c <ADC_Cmd+0x8>

00000774 <ADC_DMACmd>:
 774:	451c                	lw	a5,8(a0)
 776:	c589                	beqz	a1,780 <ADC_DMACmd+0xc>
 778:	1007e793          	ori	a5,a5,256
 77c:	c51c                	sw	a5,8(a0)
 77e:	8082                	ret
 780:	eff7f793          	andi	a5,a5,-257
 784:	bfe5                	j	77c <ADC_DMACmd+0x8>

00000786 <ADC_ResetCalibration>:
 786:	451c                	lw	a5,8(a0)
 788:	0087e793          	ori	a5,a5,8
 78c:	c51c                	sw	a5,8(a0)
 78e:	8082                	ret

00000790 <ADC_GetResetCalibrationStatus>:
 790:	4508                	lw	a0,8(a0)
 792:	810d                	srli	a0,a0,0x3
 794:	8905                	andi	a0,a0,1
 796:	8082                	ret

00000798 <ADC_StartCalibration>:
 798:	451c                	lw	a5,8(a0)
 79a:	0047e793          	ori	a5,a5,4
 79e:	c51c                	sw	a5,8(a0)
 7a0:	8082                	ret

000007a2 <ADC_GetCalibrationStatus>:
 7a2:	4508                	lw	a0,8(a0)
 7a4:	8109                	srli	a0,a0,0x2
 7a6:	8905                	andi	a0,a0,1
 7a8:	8082                	ret

000007aa <ADC_SoftwareStartConvCmd>:
 7aa:	451c                	lw	a5,8(a0)
 7ac:	c591                	beqz	a1,7b8 <ADC_SoftwareStartConvCmd+0xe>
 7ae:	00500737          	lui	a4,0x500
 7b2:	8fd9                	or	a5,a5,a4
 7b4:	c51c                	sw	a5,8(a0)
 7b6:	8082                	ret
 7b8:	ffb00737          	lui	a4,0xffb00
 7bc:	177d                	addi	a4,a4,-1
 7be:	8ff9                	and	a5,a5,a4
 7c0:	bfd5                	j	7b4 <ADC_SoftwareStartConvCmd+0xa>

000007c2 <ADC_RegularChannelConfig>:
 7c2:	47a5                	li	a5,9
 7c4:	04b7f863          	bgeu	a5,a1,814 <ADC_RegularChannelConfig+0x52>
 7c8:	ff658713          	addi	a4,a1,-10
 7cc:	00171793          	slli	a5,a4,0x1
 7d0:	00c52283          	lw	t0,12(a0)
 7d4:	97ba                	add	a5,a5,a4
 7d6:	431d                	li	t1,7
 7d8:	00f31333          	sll	t1,t1,a5
 7dc:	fff34313          	not	t1,t1
 7e0:	00537333          	and	t1,t1,t0
 7e4:	00f697b3          	sll	a5,a3,a5
 7e8:	0067e7b3          	or	a5,a5,t1
 7ec:	c55c                	sw	a5,12(a0)
 7ee:	4799                	li	a5,6
 7f0:	04c7e363          	bltu	a5,a2,836 <ADC_RegularChannelConfig+0x74>
 7f4:	167d                	addi	a2,a2,-1
 7f6:	00261793          	slli	a5,a2,0x2
 7fa:	963e                	add	a2,a2,a5
 7fc:	5958                	lw	a4,52(a0)
 7fe:	47fd                	li	a5,31
 800:	00c797b3          	sll	a5,a5,a2
 804:	fff7c793          	not	a5,a5
 808:	8ff9                	and	a5,a5,a4
 80a:	00c595b3          	sll	a1,a1,a2
 80e:	8ddd                	or	a1,a1,a5
 810:	d94c                	sw	a1,52(a0)
 812:	8082                	ret
 814:	00159793          	slli	a5,a1,0x1
 818:	01052303          	lw	t1,16(a0)
 81c:	97ae                	add	a5,a5,a1
 81e:	471d                	li	a4,7
 820:	00f71733          	sll	a4,a4,a5
 824:	fff74713          	not	a4,a4
 828:	00677733          	and	a4,a4,t1
 82c:	00f697b3          	sll	a5,a3,a5
 830:	8f5d                	or	a4,a4,a5
 832:	c918                	sw	a4,16(a0)
 834:	bf6d                	j	7ee <ADC_RegularChannelConfig+0x2c>
 836:	47b1                	li	a5,12
 838:	02c7e263          	bltu	a5,a2,85c <ADC_RegularChannelConfig+0x9a>
 83c:	1665                	addi	a2,a2,-7
 83e:	00261793          	slli	a5,a2,0x2
 842:	963e                	add	a2,a2,a5
 844:	5918                	lw	a4,48(a0)
 846:	47fd                	li	a5,31
 848:	00c797b3          	sll	a5,a5,a2
 84c:	fff7c793          	not	a5,a5
 850:	8ff9                	and	a5,a5,a4
 852:	00c595b3          	sll	a1,a1,a2
 856:	8ddd                	or	a1,a1,a5
 858:	d90c                	sw	a1,48(a0)
 85a:	8082                	ret
 85c:	164d                	addi	a2,a2,-13
 85e:	00261713          	slli	a4,a2,0x2
 862:	5554                	lw	a3,44(a0)
 864:	963a                	add	a2,a2,a4
 866:	47fd                	li	a5,31
 868:	00c797b3          	sll	a5,a5,a2
 86c:	fff7c793          	not	a5,a5
 870:	8ff5                	and	a5,a5,a3
 872:	00c595b3          	sll	a1,a1,a2
 876:	8ddd                	or	a1,a1,a5
 878:	d54c                	sw	a1,44(a0)
 87a:	8082                	ret

0000087c <DMA_Cmd>:
 87c:	411c                	lw	a5,0(a0)
 87e:	c589                	beqz	a1,888 <DMA_Cmd+0xc>
 880:	0017e793          	ori	a5,a5,1
 884:	c11c                	sw	a5,0(a0)
 886:	8082                	ret
 888:	6741                	lui	a4,0x10
 88a:	1779                	addi	a4,a4,-2
 88c:	8ff9                	and	a5,a5,a4
 88e:	bfdd                	j	884 <DMA_Cmd+0x8>

00000890 <DMA_GetFlagStatus>:
 890:	400207b7          	lui	a5,0x40020
 894:	439c                	lw	a5,0(a5)
 896:	8d7d                	and	a0,a0,a5
 898:	00a03533          	snez	a0,a0
 89c:	8082                	ret

0000089e <DMA_ClearFlag>:
 89e:	400207b7          	lui	a5,0x40020
 8a2:	c3c8                	sw	a0,4(a5)
 8a4:	8082                	ret

000008a6 <GPIO_Init>:
 8a6:	4594                	lw	a3,8(a1)
 8a8:	0106f793          	andi	a5,a3,16
 8ac:	00f6f293          	andi	t0,a3,15
 8b0:	c781                	beqz	a5,8b8 <GPIO_Init+0x12>
 8b2:	41dc                	lw	a5,4(a1)
 8b4:	00f2e2b3          	or	t0,t0,a5
 8b8:	0005d383          	lhu	t2,0(a1)
 8bc:	0ff3f793          	andi	a5,t2,255
 8c0:	c3a5                	beqz	a5,920 <GPIO_Init+0x7a>
 8c2:	00052303          	lw	t1,0(a0)
 8c6:	1161                	addi	sp,sp,-8
 8c8:	c222                	sw	s0,4(sp)
 8ca:	c026                	sw	s1,0(sp)
 8cc:	4781                	li	a5,0
 8ce:	02800413          	li	s0,40
 8d2:	04800493          	li	s1,72
 8d6:	4705                	li	a4,1
 8d8:	00f71633          	sll	a2,a4,a5
 8dc:	00c3f733          	and	a4,t2,a2
 8e0:	02e61263          	bne	a2,a4,904 <GPIO_Init+0x5e>
 8e4:	00279593          	slli	a1,a5,0x2
 8e8:	473d                	li	a4,15
 8ea:	00b71733          	sll	a4,a4,a1
 8ee:	fff74713          	not	a4,a4
 8f2:	00677333          	and	t1,a4,t1
 8f6:	00b295b3          	sll	a1,t0,a1
 8fa:	0065e333          	or	t1,a1,t1
 8fe:	00869d63          	bne	a3,s0,918 <GPIO_Init+0x72>
 902:	c950                	sw	a2,20(a0)
 904:	0785                	addi	a5,a5,1
 906:	4721                	li	a4,8
 908:	fce797e3          	bne	a5,a4,8d6 <GPIO_Init+0x30>
 90c:	4412                	lw	s0,4(sp)
 90e:	00652023          	sw	t1,0(a0)
 912:	4482                	lw	s1,0(sp)
 914:	0121                	addi	sp,sp,8
 916:	8082                	ret
 918:	fe9696e3          	bne	a3,s1,904 <GPIO_Init+0x5e>
 91c:	c910                	sw	a2,16(a0)
 91e:	b7dd                	j	904 <GPIO_Init+0x5e>
 920:	8082                	ret

00000922 <NVIC_PriorityGroupConfig>:
 922:	82a1ae23          	sw	a0,-1988(gp) # 20000074 <NVIC_Priority_Group>
 926:	8082                	ret

00000928 <RCC_AdjustHSICalibrationValue>:
 928:	40021737          	lui	a4,0x40021
 92c:	431c                	lw	a5,0(a4)
 92e:	050e                	slli	a0,a0,0x3
 930:	f077f793          	andi	a5,a5,-249
 934:	8d5d                	or	a0,a0,a5
 936:	c308                	sw	a0,0(a4)
 938:	8082                	ret

0000093a <RCC_ADCCLKConfig>:
 93a:	400216b7          	lui	a3,0x40021
 93e:	42dc                	lw	a5,4(a3)
 940:	7741                	lui	a4,0xffff0
 942:	7ff70713          	addi	a4,a4,2047 # ffff07ff <__global_pointer$+0xdffeffc7>
 946:	8ff9                	and	a5,a5,a4
 948:	8d5d                	or	a0,a0,a5
 94a:	c2c8                	sw	a0,4(a3)
 94c:	8082                	ret

0000094e <RCC_GetClocksFreq>:
 94e:	f52ff2ef          	jal	t0,a0 <__riscv_save_0>
 952:	40021737          	lui	a4,0x40021
 956:	435c                	lw	a5,4(a4)
 958:	4691                	li	a3,4
 95a:	842a                	mv	s0,a0
 95c:	8bb1                	andi	a5,a5,12
 95e:	00d78563          	beq	a5,a3,968 <RCC_GetClocksFreq+0x1a>
 962:	46a1                	li	a3,8
 964:	08d78063          	beq	a5,a3,9e4 <RCC_GetClocksFreq+0x96>
 968:	016e37b7          	lui	a5,0x16e3
 96c:	60078793          	addi	a5,a5,1536 # 16e3600 <_data_lma+0x16e2a90>
 970:	c01c                	sw	a5,0(s0)
 972:	400216b7          	lui	a3,0x40021
 976:	42dc                	lw	a5,4(a3)
 978:	8391                	srli	a5,a5,0x4
 97a:	00f7f713          	andi	a4,a5,15
 97e:	200007b7          	lui	a5,0x20000
 982:	02878793          	addi	a5,a5,40 # 20000028 <APBAHBPrescTable>
 986:	97ba                	add	a5,a5,a4
 988:	238c                	lbu	a1,0(a5)
 98a:	42dc                	lw	a5,4(a3)
 98c:	4018                	lw	a4,0(s0)
 98e:	0ff5f593          	andi	a1,a1,255
 992:	0807f793          	andi	a5,a5,128
 996:	00b75533          	srl	a0,a4,a1
 99a:	e781                	bnez	a5,9a2 <RCC_GetClocksFreq+0x54>
 99c:	853a                	mv	a0,a4
 99e:	f1eff0ef          	jal	ra,bc <__udivsi3>
 9a2:	c048                	sw	a0,4(s0)
 9a4:	c408                	sw	a0,8(s0)
 9a6:	c448                	sw	a0,12(s0)
 9a8:	400217b7          	lui	a5,0x40021
 9ac:	43dc                	lw	a5,4(a5)
 9ae:	468d                	li	a3,3
 9b0:	83ad                	srli	a5,a5,0xb
 9b2:	8bfd                	andi	a5,a5,31
 9b4:	0037d713          	srli	a4,a5,0x3
 9b8:	078a                	slli	a5,a5,0x2
 9ba:	8bf1                	andi	a5,a5,28
 9bc:	8fd9                	or	a5,a5,a4
 9be:	0137f613          	andi	a2,a5,19
 9c2:	0037f713          	andi	a4,a5,3
 9c6:	00c6f463          	bgeu	a3,a2,9ce <RCC_GetClocksFreq+0x80>
 9ca:	ff478713          	addi	a4,a5,-12 # 40020ff4 <__global_pointer$+0x200207bc>
 9ce:	200007b7          	lui	a5,0x20000
 9d2:	01478793          	addi	a5,a5,20 # 20000014 <ADCPrescTable>
 9d6:	97ba                	add	a5,a5,a4
 9d8:	238c                	lbu	a1,0(a5)
 9da:	ee2ff0ef          	jal	ra,bc <__udivsi3>
 9de:	c808                	sw	a0,16(s0)
 9e0:	ecaff06f          	j	aa <__riscv_restore_0>
 9e4:	435c                	lw	a5,4(a4)
 9e6:	02dc77b7          	lui	a5,0x2dc7
 9ea:	c0078793          	addi	a5,a5,-1024 # 2dc6c00 <_data_lma+0x2dc6090>
 9ee:	b749                	j	970 <RCC_GetClocksFreq+0x22>

000009f0 <RCC_APB2PeriphClockCmd>:
 9f0:	c599                	beqz	a1,9fe <RCC_APB2PeriphClockCmd+0xe>
 9f2:	40021737          	lui	a4,0x40021
 9f6:	4f1c                	lw	a5,24(a4)
 9f8:	8d5d                	or	a0,a0,a5
 9fa:	cf08                	sw	a0,24(a4)
 9fc:	8082                	ret
 9fe:	400217b7          	lui	a5,0x40021
 a02:	4f98                	lw	a4,24(a5)
 a04:	fff54513          	not	a0,a0
 a08:	8d79                	and	a0,a0,a4
 a0a:	cf88                	sw	a0,24(a5)
 a0c:	8082                	ret

00000a0e <RCC_APB2PeriphResetCmd>:
 a0e:	c599                	beqz	a1,a1c <RCC_APB2PeriphResetCmd+0xe>
 a10:	40021737          	lui	a4,0x40021
 a14:	475c                	lw	a5,12(a4)
 a16:	8d5d                	or	a0,a0,a5
 a18:	c748                	sw	a0,12(a4)
 a1a:	8082                	ret
 a1c:	400217b7          	lui	a5,0x40021
 a20:	47d8                	lw	a4,12(a5)
 a22:	fff54513          	not	a0,a0
 a26:	8d79                	and	a0,a0,a4
 a28:	c7c8                	sw	a0,12(a5)
 a2a:	8082                	ret

00000a2c <USART_Init>:
 a2c:	e74ff2ef          	jal	t0,a0 <__riscv_save_0>
 a30:	2916                	lhu	a3,16(a0)
 a32:	77f5                	lui	a5,0xffffd
 a34:	17fd                	addi	a5,a5,-1
 a36:	8ff5                	and	a5,a5,a3
 a38:	21f6                	lhu	a3,6(a1)
 a3a:	25da                	lhu	a4,12(a1)
 a3c:	1121                	addi	sp,sp,-24
 a3e:	8fd5                	or	a5,a5,a3
 a40:	a91e                	sh	a5,16(a0)
 a42:	2556                	lhu	a3,12(a0)
 a44:	77fd                	lui	a5,0xfffff
 a46:	9f378793          	addi	a5,a5,-1549 # ffffe9f3 <__global_pointer$+0xdfffe1bb>
 a4a:	8ff5                	and	a5,a5,a3
 a4c:	21d6                	lhu	a3,4(a1)
 a4e:	842a                	mv	s0,a0
 a50:	c02e                	sw	a1,0(sp)
 a52:	8fd5                	or	a5,a5,a3
 a54:	2596                	lhu	a3,8(a1)
 a56:	8fd5                	or	a5,a5,a3
 a58:	25b6                	lhu	a3,10(a1)
 a5a:	8fd5                	or	a5,a5,a3
 a5c:	a55e                	sh	a5,12(a0)
 a5e:	295e                	lhu	a5,20(a0)
 a60:	07c2                	slli	a5,a5,0x10
 a62:	83c1                	srli	a5,a5,0x10
 a64:	cff7f793          	andi	a5,a5,-769
 a68:	8f5d                	or	a4,a4,a5
 a6a:	a95a                	sh	a4,20(a0)
 a6c:	0048                	addi	a0,sp,4
 a6e:	35c5                	jal	94e <RCC_GetClocksFreq>
 a70:	400147b7          	lui	a5,0x40014
 a74:	80078793          	addi	a5,a5,-2048 # 40013800 <__global_pointer$+0x20012fc8>
 a78:	4582                	lw	a1,0(sp)
 a7a:	06f41263          	bne	s0,a5,ade <USART_Init+0xb2>
 a7e:	47c2                	lw	a5,16(sp)
 a80:	245a                	lhu	a4,12(s0)
 a82:	00179513          	slli	a0,a5,0x1
 a86:	953e                	add	a0,a0,a5
 a88:	0742                	slli	a4,a4,0x10
 a8a:	050e                	slli	a0,a0,0x3
 a8c:	8741                	srai	a4,a4,0x10
 a8e:	953e                	add	a0,a0,a5
 a90:	418c                	lw	a1,0(a1)
 a92:	04075863          	bgez	a4,ae2 <USART_Init+0xb6>
 a96:	0586                	slli	a1,a1,0x1
 a98:	e24ff0ef          	jal	ra,bc <__udivsi3>
 a9c:	06400593          	li	a1,100
 aa0:	c02a                	sw	a0,0(sp)
 aa2:	e1aff0ef          	jal	ra,bc <__udivsi3>
 aa6:	4782                	lw	a5,0(sp)
 aa8:	00451493          	slli	s1,a0,0x4
 aac:	06400593          	li	a1,100
 ab0:	853e                	mv	a0,a5
 ab2:	e36ff0ef          	jal	ra,e8 <__umodsi3>
 ab6:	245e                	lhu	a5,12(s0)
 ab8:	07c2                	slli	a5,a5,0x10
 aba:	87c1                	srai	a5,a5,0x10
 abc:	0207d563          	bgez	a5,ae6 <USART_Init+0xba>
 ac0:	050e                	slli	a0,a0,0x3
 ac2:	06400593          	li	a1,100
 ac6:	03250513          	addi	a0,a0,50
 aca:	df2ff0ef          	jal	ra,bc <__udivsi3>
 ace:	891d                	andi	a0,a0,7
 ad0:	8cc9                	or	s1,s1,a0
 ad2:	04c2                	slli	s1,s1,0x10
 ad4:	80c1                	srli	s1,s1,0x10
 ad6:	a406                	sh	s1,8(s0)
 ad8:	0161                	addi	sp,sp,24
 ada:	dd0ff06f          	j	aa <__riscv_restore_0>
 ade:	47b2                	lw	a5,12(sp)
 ae0:	b745                	j	a80 <USART_Init+0x54>
 ae2:	058a                	slli	a1,a1,0x2
 ae4:	bf55                	j	a98 <USART_Init+0x6c>
 ae6:	0512                	slli	a0,a0,0x4
 ae8:	06400593          	li	a1,100
 aec:	03250513          	addi	a0,a0,50
 af0:	dccff0ef          	jal	ra,bc <__udivsi3>
 af4:	893d                	andi	a0,a0,15
 af6:	bfe9                	j	ad0 <USART_Init+0xa4>

00000af8 <USART_Cmd>:
 af8:	c591                	beqz	a1,b04 <USART_Cmd+0xc>
 afa:	255e                	lhu	a5,12(a0)
 afc:	6709                	lui	a4,0x2
 afe:	8fd9                	or	a5,a5,a4
 b00:	a55e                	sh	a5,12(a0)
 b02:	8082                	ret
 b04:	255a                	lhu	a4,12(a0)
 b06:	77f9                	lui	a5,0xffffe
 b08:	17fd                	addi	a5,a5,-1
 b0a:	8ff9                	and	a5,a5,a4
 b0c:	bfd5                	j	b00 <USART_Cmd+0x8>

00000b0e <USART_Printf_Init>:
 b0e:	d92ff2ef          	jal	t0,a0 <__riscv_save_0>
 b12:	842a                	mv	s0,a0
 b14:	6511                	lui	a0,0x4
 b16:	1111                	addi	sp,sp,-28
 b18:	4585                	li	a1,1
 b1a:	02050513          	addi	a0,a0,32 # 4020 <_data_lma+0x34b0>
 b1e:	3dc9                	jal	9f0 <RCC_APB2PeriphClockCmd>
 b20:	02000793          	li	a5,32
 b24:	807c                	sh	a5,0(sp)
 b26:	40011537          	lui	a0,0x40011
 b2a:	478d                	li	a5,3
 b2c:	c23e                	sw	a5,4(sp)
 b2e:	858a                	mv	a1,sp
 b30:	47e1                	li	a5,24
 b32:	40050513          	addi	a0,a0,1024 # 40011400 <__global_pointer$+0x20010bc8>
 b36:	c43e                	sw	a5,8(sp)
 b38:	33bd                	jal	8a6 <GPIO_Init>
 b3a:	c622                	sw	s0,12(sp)
 b3c:	40014437          	lui	s0,0x40014
 b40:	000807b7          	lui	a5,0x80
 b44:	006c                	addi	a1,sp,12
 b46:	80040513          	addi	a0,s0,-2048 # 40013800 <__global_pointer$+0x20012fc8>
 b4a:	ca3e                	sw	a5,20(sp)
 b4c:	c802                	sw	zero,16(sp)
 b4e:	00011c23          	sh	zero,24(sp)
 b52:	3de9                	jal	a2c <USART_Init>
 b54:	4585                	li	a1,1
 b56:	80040513          	addi	a0,s0,-2048
 b5a:	3f79                	jal	af8 <USART_Cmd>
 b5c:	0171                	addi	sp,sp,28
 b5e:	d4cff06f          	j	aa <__riscv_restore_0>
	...

00000b64 <Adc_Enable_Table>:
 b64:	01010000 00000000 00000001              ............
